<?xml version="1.0" encoding="UTF-8"?>
<testng-results skipped="0" failed="0" ignored="0" total="1" passed="1">
  <reporter-output>
  </reporter-output>
  <suite name="Default suite" duration-ms="51034" started-at="2018-11-09T14:11:34Z" finished-at="2018-11-09T14:12:25Z">
    <groups>
    </groups>
    <test name="Default test" duration-ms="51034" started-at="2018-11-09T14:11:34Z" finished-at="2018-11-09T14:12:25Z">
      <class name="com.qa.crm.testcases.NewContactPageValidation">
        <test-method status="PASS" signature="setUp()[pri:0, instance:com.qa.crm.testcases.NewContactPageValidation@1794d431]" name="setUp" is-config="true" duration-ms="16550" started-at="2018-11-09T14:11:34Z" finished-at="2018-11-09T14:11:51Z">
          <reporter-output>
          </reporter-output>
        </test-method> <!-- setUp -->
        <test-method status="PASS" signature="creatingContact()[pri:0, instance:com.qa.crm.testcases.NewContactPageValidation@1794d431]" name="creatingContact" duration-ms="33771" started-at="2018-11-09T14:11:51Z" finished-at="2018-11-09T14:12:25Z">
          <reporter-output>
          </reporter-output>
        </test-method> <!-- creatingContact -->
        <test-method status="PASS" signature="teraDown()[pri:0, instance:com.qa.crm.testcases.NewContactPageValidation@1794d431]" name="teraDown" is-config="true" duration-ms="684" started-at="2018-11-09T14:12:25Z" finished-at="2018-11-09T14:12:25Z">
          <reporter-output>
          </reporter-output>
        </test-method> <!-- teraDown -->
      </class> <!-- com.qa.crm.testcases.NewContactPageValidation -->
    </test> <!-- Default test -->
  </suite> <!-- Default suite -->
</testng-results>
